版本更新
Ver 1.3.5 (2015.01.19)
(1)付费用户必须更新!
(2)优化程序
(3)修复Bug
(4)如果升级失败,请在http://www.6jsq.biz/下载最新版本

Ver 1.3.3 (2014.06.11)
(1)修复若干小Bug
(2)改进信息显示
(3)增加联系方式

Ver 1.3 (2014.01.15)
(1)增加快捷键定义
(2)增加自动配置连接
(3)增加联系方式显示
(4)优化修改DNS
(5)修复登录密码Bug
(6)优化工具箱提示
(7)优化智能加速
(8)优化软件功能提示
(9)优化软件效率

Ver 1.2 (2013.08.30)
(1)增加[工具箱]功能
(2)修复宽带拨号Bug
(3)优化IKE连接模式
(4)优化OPENVPN连接(加强模式)
(5)增加信息提示
(6)优化软件打开方式
(7)增加显示主窗口快捷键
(8)优化一些参数
(9)美化软件界面

Ver 1.0 (2013.08.10)
(1)全新版本发布
(2)优化断线重连逻辑
(3)优化自动更新
(4)通过360安全认证